<?xml version="1.0" encoding="UTF-8"?>
<testng-results ignored="0" total="1" passed="1" failed="0" skipped="0">
  <reporter-output>
  </reporter-output>
  <suite started-at="2023-06-05T08:24:00 IST" name="Default suite" finished-at="2023-06-05T08:24:05 IST" duration-ms="4722">
    <groups>
      <group name="cucumber">
        <method signature="AbstractTestNGCucumberTests.runScenario(io.cucumber.testng.PickleWrapper,io.cucumber.testng.FeatureWrapper)[pri:0, instance:runner.LoginWithDataRunner@66f57048]" name="runScenario" class="io.cucumber.testng.AbstractTestNGCucumberTests"/>
      </group> <!-- cucumber -->
    </groups>
    <test started-at="2023-06-05T08:24:00 IST" name="Default test" finished-at="2023-06-05T08:24:05 IST" duration-ms="4722">
      <class name="runner.LoginWithDataRunner">
        <test-method is-config="true" signature="setUpClass(org.testng.ITestContext)[pri:0, instance:runner.LoginWithDataRunner@66f57048]" started-at="2023-06-05T08:24:00 IST" name="setUpClass" finished-at="2023-06-05T08:24:02 IST" duration-ms="1578" status="PASS">
          <params>
            <param index="0">
              <value>
                <![CDATA[org.testng.TestRunner@5f303ecd]]>
              </value>
            </param>
          </params>
          <reporter-output>
          </reporter-output>
        </test-method> <!-- setUpClass -->
        <test-method signature="runScenario(io.cucumber.testng.PickleWrapper,io.cucumber.testng.FeatureWrapper)[pri:0, instance:runner.LoginWithDataRunner@66f57048]" started-at="2023-06-05T08:24:02 IST" name="runScenario" description="Runs Cucumber Scenarios" data-provider="scenarios" finished-at="2023-06-05T08:24:02 IST" duration-ms="386" status="PASS">
          <params>
            <param index="0">
              <value>
                <![CDATA["Login with valid credentials"]]>
              </value>
            </param>
            <param index="1">
              <value>
                <![CDATA["Login functionality with data"]]>
              </value>
            </param>
          </params>
          <reporter-output>
          </reporter-output>
        </test-method> <!-- runScenario -->
        <test-method is-config="true" signature="tearDownClass()[pri:0, instance:runner.LoginWithDataRunner@66f57048]" started-at="2023-06-05T08:24:02 IST" name="tearDownClass" finished-at="2023-06-05T08:24:05 IST" duration-ms="2478" status="PASS">
          <reporter-output>
          </reporter-output>
        </test-method> <!-- tearDownClass -->
      </class> <!-- runner.LoginWithDataRunner -->
    </test> <!-- Default test -->
  </suite> <!-- Default suite -->
</testng-results>
