<?xml version="1.0" encoding="UTF-8"?>
<testng-results ignored="0" total="1" passed="1" failed="0" skipped="0">
  <reporter-output>
  </reporter-output>
  <suite started-at="2023-06-08T08:18:50 IST" name="Default suite" finished-at="2023-06-08T08:18:54 IST" duration-ms="4731">
    <groups>
      <group name="cucumber">
        <method signature="AbstractTestNGCucumberTests.runScenario(io.cucumber.testng.PickleWrapper,io.cucumber.testng.FeatureWrapper)[pri:0, instance:runner.RegistrationRunner@66f57048]" name="runScenario" class="io.cucumber.testng.AbstractTestNGCucumberTests"/>
      </group> <!-- cucumber -->
    </groups>
    <test started-at="2023-06-08T08:18:50 IST" name="Default test" finished-at="2023-06-08T08:18:54 IST" duration-ms="4731">
      <class name="runner.RegistrationRunner">
        <test-method is-config="true" signature="setUpClass(org.testng.ITestContext)[pri:0, instance:runner.RegistrationRunner@66f57048]" started-at="2023-06-08T08:18:50 IST" name="setUpClass" finished-at="2023-06-08T08:18:51 IST" duration-ms="1547" status="PASS">
          <params>
            <param index="0">
              <value>
                <![CDATA[org.testng.TestRunner@42e22a53]]>
              </value>
            </param>
          </params>
          <reporter-output>
          </reporter-output>
        </test-method> <!-- setUpClass -->
        <test-method signature="runScenario(io.cucumber.testng.PickleWrapper,io.cucumber.testng.FeatureWrapper)[pri:0, instance:runner.RegistrationRunner@66f57048]" started-at="2023-06-08T08:18:51 IST" name="runScenario" description="Runs Cucumber Scenarios" data-provider="scenarios" finished-at="2023-06-08T08:18:52 IST" duration-ms="383" status="PASS">
          <params>
            <param index="0">
              <value>
                <![CDATA["Creation of account for a user"]]>
              </value>
            </param>
            <param index="1">
              <value>
                <![CDATA["Registration functionality"]]>
              </value>
            </param>
          </params>
          <reporter-output>
          </reporter-output>
        </test-method> <!-- runScenario -->
        <test-method is-config="true" signature="tearDownClass()[pri:0, instance:runner.RegistrationRunner@66f57048]" started-at="2023-06-08T08:18:52 IST" name="tearDownClass" finished-at="2023-06-08T08:18:54 IST" duration-ms="2672" status="PASS">
          <reporter-output>
          </reporter-output>
        </test-method> <!-- tearDownClass -->
      </class> <!-- runner.RegistrationRunner -->
    </test> <!-- Default test -->
  </suite> <!-- Default suite -->
</testng-results>
