<?xml version="1.0" encoding="UTF-8"?>
<testng-results ignored="0" total="1" passed="1" failed="0" skipped="0">
  <reporter-output>
  </reporter-output>
  <suite started-at="2023-06-20T07:56:50 IST" name="Default suite" finished-at="2023-06-20T07:57:17 IST" duration-ms="26273">
    <groups>
      <group name="cucumber">
        <method signature="AbstractTestNGCucumberTests.runScenario(io.cucumber.testng.PickleWrapper,io.cucumber.testng.FeatureWrapper)[pri:0, instance:appfeatures.AmazonRunnerTest@b9b00e0]" name="runScenario" class="io.cucumber.testng.AbstractTestNGCucumberTests"/>
      </group> <!-- cucumber -->
    </groups>
    <test started-at="2023-06-20T07:56:50 IST" name="Default test" finished-at="2023-06-20T07:57:17 IST" duration-ms="26273">
      <class name="appfeatures.AmazonRunnerTest">
        <test-method is-config="true" signature="setUpClass(org.testng.ITestContext)[pri:0, instance:appfeatures.AmazonRunnerTest@b9b00e0]" started-at="2023-06-20T07:56:50 IST" name="setUpClass" finished-at="2023-06-20T07:56:52 IST" duration-ms="1949" status="PASS">
          <params>
            <param index="0">
              <value>
                <![CDATA[org.testng.TestRunner@61db86bf]]>
              </value>
            </param>
          </params>
          <reporter-output>
          </reporter-output>
        </test-method> <!-- setUpClass -->
        <test-method signature="runScenario(io.cucumber.testng.PickleWrapper,io.cucumber.testng.FeatureWrapper)[pri:0, instance:appfeatures.AmazonRunnerTest@b9b00e0]" started-at="2023-06-20T07:56:52 IST" name="runScenario" description="Runs Cucumber Scenarios" data-provider="scenarios" finished-at="2023-06-20T07:57:15 IST" duration-ms="22342" status="PASS">
          <params>
            <param index="0">
              <value>
                <![CDATA["Checkout the deals section"]]>
              </value>
            </param>
            <param index="1">
              <value>
                <![CDATA["Home page functionality"]]>
              </value>
            </param>
          </params>
          <reporter-output>
          </reporter-output>
        </test-method> <!-- runScenario -->
        <test-method is-config="true" signature="tearDownClass()[pri:0, instance:appfeatures.AmazonRunnerTest@b9b00e0]" started-at="2023-06-20T07:57:15 IST" name="tearDownClass" finished-at="2023-06-20T07:57:17 IST" duration-ms="1907" status="PASS">
          <reporter-output>
          </reporter-output>
        </test-method> <!-- tearDownClass -->
      </class> <!-- appfeatures.AmazonRunnerTest -->
    </test> <!-- Default test -->
  </suite> <!-- Default suite -->
</testng-results>
