<?xml version="1.0" encoding="UTF-8"?>
<testng-results ignored="0" total="2" passed="2" failed="0" skipped="0">
  <reporter-output>
  </reporter-output>
  <suite started-at="2023-06-12T08:29:44 IST" name="Default suite" finished-at="2023-06-12T08:29:48 IST" duration-ms="4334">
    <groups>
      <group name="cucumber">
        <method signature="AbstractTestNGCucumberTests.runScenario(io.cucumber.testng.PickleWrapper,io.cucumber.testng.FeatureWrapper)[pri:0, instance:runner.CampaignRunner@66f57048]" name="runScenario" class="io.cucumber.testng.AbstractTestNGCucumberTests"/>
      </group> <!-- cucumber -->
    </groups>
    <test started-at="2023-06-12T08:29:44 IST" name="Default test" finished-at="2023-06-12T08:29:48 IST" duration-ms="4334">
      <class name="runner.CampaignRunner">
        <test-method is-config="true" signature="setUpClass(org.testng.ITestContext)[pri:0, instance:runner.CampaignRunner@66f57048]" started-at="2023-06-12T08:29:44 IST" name="setUpClass" finished-at="2023-06-12T08:29:45 IST" duration-ms="1260" status="PASS">
          <params>
            <param index="0">
              <value>
                <![CDATA[org.testng.TestRunner@2532b351]]>
              </value>
            </param>
          </params>
          <reporter-output>
          </reporter-output>
        </test-method> <!-- setUpClass -->
        <test-method signature="runScenario(io.cucumber.testng.PickleWrapper,io.cucumber.testng.FeatureWrapper)[pri:0, instance:runner.CampaignRunner@66f57048]" started-at="2023-06-12T08:29:46 IST" name="runScenario" description="Runs Cucumber Scenarios" data-provider="scenarios" finished-at="2023-06-12T08:29:46 IST" duration-ms="329" status="PASS">
          <params>
            <param index="0">
              <value>
                <![CDATA["creation of campaign"]]>
              </value>
            </param>
            <param index="1">
              <value>
                <![CDATA["Campaign functionality"]]>
              </value>
            </param>
          </params>
          <reporter-output>
          </reporter-output>
        </test-method> <!-- runScenario -->
        <test-method signature="runScenario(io.cucumber.testng.PickleWrapper,io.cucumber.testng.FeatureWrapper)[pri:0, instance:runner.CampaignRunner@66f57048]" started-at="2023-06-12T08:29:46 IST" name="runScenario" description="Runs Cucumber Scenarios" data-provider="scenarios" finished-at="2023-06-12T08:29:46 IST" duration-ms="162" status="PASS">
          <params>
            <param index="0">
              <value>
                <![CDATA["scheduling campaign"]]>
              </value>
            </param>
            <param index="1">
              <value>
                <![CDATA["Campaign functionality"]]>
              </value>
            </param>
          </params>
          <reporter-output>
          </reporter-output>
        </test-method> <!-- runScenario -->
        <test-method is-config="true" signature="tearDownClass()[pri:0, instance:runner.CampaignRunner@66f57048]" started-at="2023-06-12T08:29:46 IST" name="tearDownClass" finished-at="2023-06-12T08:29:48 IST" duration-ms="2450" status="PASS">
          <reporter-output>
          </reporter-output>
        </test-method> <!-- tearDownClass -->
      </class> <!-- runner.CampaignRunner -->
    </test> <!-- Default test -->
  </suite> <!-- Default suite -->
</testng-results>
