<?xml version="1.0" encoding="UTF-8"?>
<testng-results ignored="0" total="3" passed="3" failed="0" skipped="0">
  <reporter-output>
  </reporter-output>
  <suite started-at="2023-06-09T08:24:13 IST" name="Default suite" finished-at="2023-06-09T08:24:18 IST" duration-ms="4672">
    <groups>
      <group name="cucumber">
        <method signature="AbstractTestNGCucumberTests.runScenario(io.cucumber.testng.PickleWrapper,io.cucumber.testng.FeatureWrapper)[pri:0, instance:runner.ProfilePictureRunneer@66f57048]" name="runScenario" class="io.cucumber.testng.AbstractTestNGCucumberTests"/>
      </group> <!-- cucumber -->
    </groups>
    <test started-at="2023-06-09T08:24:13 IST" name="Default test" finished-at="2023-06-09T08:24:18 IST" duration-ms="4672">
      <class name="runner.ProfilePictureRunneer">
        <test-method is-config="true" signature="setUpClass(org.testng.ITestContext)[pri:0, instance:runner.ProfilePictureRunneer@66f57048]" started-at="2023-06-09T08:24:13 IST" name="setUpClass" finished-at="2023-06-09T08:24:15 IST" duration-ms="1341" status="PASS">
          <params>
            <param index="0">
              <value>
                <![CDATA[org.testng.TestRunner@3e7dfd44]]>
              </value>
            </param>
          </params>
          <reporter-output>
          </reporter-output>
        </test-method> <!-- setUpClass -->
        <test-method signature="runScenario(io.cucumber.testng.PickleWrapper,io.cucumber.testng.FeatureWrapper)[pri:0, instance:runner.ProfilePictureRunneer@66f57048]" started-at="2023-06-09T08:24:15 IST" name="runScenario" description="Runs Cucumber Scenarios" data-provider="scenarios" finished-at="2023-06-09T08:24:15 IST" duration-ms="354" status="PASS">
          <params>
            <param index="0">
              <value>
                <![CDATA["Add profile for a user"]]>
              </value>
            </param>
            <param index="1">
              <value>
                <![CDATA["Profile functionality"]]>
              </value>
            </param>
          </params>
          <reporter-output>
          </reporter-output>
        </test-method> <!-- runScenario -->
        <test-method signature="runScenario(io.cucumber.testng.PickleWrapper,io.cucumber.testng.FeatureWrapper)[pri:0, instance:runner.ProfilePictureRunneer@66f57048]" started-at="2023-06-09T08:24:15 IST" name="runScenario" description="Runs Cucumber Scenarios" data-provider="scenarios" finished-at="2023-06-09T08:24:15 IST" duration-ms="106" status="PASS">
          <params>
            <param index="0">
              <value>
                <![CDATA["Update profile for a user"]]>
              </value>
            </param>
            <param index="1">
              <value>
                <![CDATA["Profile functionality"]]>
              </value>
            </param>
          </params>
          <reporter-output>
          </reporter-output>
        </test-method> <!-- runScenario -->
        <test-method signature="runScenario(io.cucumber.testng.PickleWrapper,io.cucumber.testng.FeatureWrapper)[pri:0, instance:runner.ProfilePictureRunneer@66f57048]" started-at="2023-06-09T08:24:15 IST" name="runScenario" description="Runs Cucumber Scenarios" data-provider="scenarios" finished-at="2023-06-09T08:24:15 IST" duration-ms="93" status="PASS">
          <params>
            <param index="0">
              <value>
                <![CDATA["Delete profile for a user"]]>
              </value>
            </param>
            <param index="1">
              <value>
                <![CDATA["Profile functionality"]]>
              </value>
            </param>
          </params>
          <reporter-output>
          </reporter-output>
        </test-method> <!-- runScenario -->
        <test-method is-config="true" signature="tearDownClass()[pri:0, instance:runner.ProfilePictureRunneer@66f57048]" started-at="2023-06-09T08:24:15 IST" name="tearDownClass" finished-at="2023-06-09T08:24:18 IST" duration-ms="2581" status="PASS">
          <reporter-output>
          </reporter-output>
        </test-method> <!-- tearDownClass -->
      </class> <!-- runner.ProfilePictureRunneer -->
    </test> <!-- Default test -->
  </suite> <!-- Default suite -->
</testng-results>
